2023-09-19 11:08:10,938 INFO o.a.j.u.JMeterUtils: Setting Locale to en_EN
2023-09-19 11:08:10,961 INFO o.a.j.JMeter: Loading user properties from: user.properties
2023-09-19 11:08:10,962 INFO o.a.j.JMeter: Loading system properties from: system.properties
2023-09-19 11:08:10,970 INFO o.a.j.JMeter: Copyright (c) 1998-2023 The Apache Software Foundation
2023-09-19 11:08:10,970 INFO o.a.j.JMeter: Version 5.6.2
2023-09-19 11:08:10,970 INFO o.a.j.JMeter: java.version=17.0.8
2023-09-19 11:08:10,970 INFO o.a.j.JMeter: java.vm.name=Java HotSpot(TM) 64-Bit Server VM
2023-09-19 11:08:10,970 INFO o.a.j.JMeter: os.name=Windows 10
2023-09-19 11:08:10,970 INFO o.a.j.JMeter: os.arch=amd64
2023-09-19 11:08:10,970 INFO o.a.j.JMeter: os.version=10.0
2023-09-19 11:08:10,971 INFO o.a.j.JMeter: file.encoding=Cp1252
2023-09-19 11:08:10,971 INFO o.a.j.JMeter: java.awt.headless=null
2023-09-19 11:08:10,971 INFO o.a.j.JMeter: Max memory     =1073741824
2023-09-19 11:08:10,971 INFO o.a.j.JMeter: Available Processors =12
2023-09-19 11:08:10,980 INFO o.a.j.JMeter: Default Locale=English (EN)
2023-09-19 11:08:10,980 INFO o.a.j.JMeter: JMeter  Locale=English (EN)
2023-09-19 11:08:10,980 INFO o.a.j.JMeter: JMeterHome=D:\Program_file\apache-jmeter-5.6.2\apache-jmeter-5.6.2
2023-09-19 11:08:10,980 INFO o.a.j.JMeter: user.dir  =D:\Program_file\apache-jmeter-5.6.2\apache-jmeter-5.6.2\bin
2023-09-19 11:08:10,980 INFO o.a.j.JMeter: PWD       =D:\Program_file\apache-jmeter-5.6.2\apache-jmeter-5.6.2\bin
2023-09-19 11:08:10,982 INFO o.a.j.JMeter: IP: 172.18.15.127 Name: Vietnam-4116 FullName: Vietnam-4116.corp.hds.com
2023-09-19 11:08:11,000 INFO o.a.j.JMeter: Loaded icon properties from org/apache/jmeter/images/icon.properties
2023-09-19 11:08:11,212 INFO o.a.j.JMeterGuiLauncher: Setting LAF to: com.github.weisj.darklaf.DarkLaf:com.github.weisj.darklaf.theme.DarculaTheme
2023-09-19 11:08:12,114 INFO o.a.j.r.ClassFinder: Will scan jar D:\Program_file\apache-jmeter-5.6.2\apache-jmeter-5.6.2\lib\ext\jmeter-plugins-manager-1.9.jar with filter ExtendsClassFilter [parents=[interface org.apache.jmeter.gui.action.Command], inner=false, contains=null, notContains=null]. Consider exposing JMeter plugins via META-INF/services, and add JMeter-Skip-Class-Scanning=true manifest attribute so JMeter can skip classfile scanning
2023-09-19 11:08:12,236 INFO o.a.j.r.ClassFinder: Will scan jar D:\Program_file\apache-jmeter-5.6.2\apache-jmeter-5.6.2\lib\ext\jmeter-plugins-webdriver-4.10.0.0.jar with filter ExtendsClassFilter [parents=[interface org.apache.jmeter.gui.action.Command], inner=false, contains=null, notContains=null]. Consider exposing JMeter plugins via META-INF/services, and add JMeter-Skip-Class-Scanning=true manifest attribute so JMeter can skip classfile scanning
2023-09-19 11:08:12,252 INFO o.a.j.r.ClassFinder: Will scan jar D:\Program_file\apache-jmeter-5.6.2\apache-jmeter-5.6.2\lib\ext\mqtt-xmeter-2.0.2-jar-with-dependencies.jar with filter ExtendsClassFilter [parents=[interface org.apache.jmeter.gui.action.Command], inner=false, contains=null, notContains=null]. Consider exposing JMeter plugins via META-INF/services, and add JMeter-Skip-Class-Scanning=true manifest attribute so JMeter can skip classfile scanning
2023-09-19 11:08:13,055 INFO o.a.j.r.ClassFinder: Will scan jar D:\Program_file\apache-jmeter-5.6.2\apache-jmeter-5.6.2\lib\ext\jmeter-plugins-manager-1.9.jar with filter ExtendsClassFilter [parents=[interface org.apache.jmeter.gui.plugin.MenuCreator], inner=false, contains=null, notContains=null]. Consider exposing JMeter plugins via META-INF/services, and add JMeter-Skip-Class-Scanning=true manifest attribute so JMeter can skip classfile scanning
2023-09-19 11:08:13,058 INFO o.a.j.r.ClassFinder: Will scan jar D:\Program_file\apache-jmeter-5.6.2\apache-jmeter-5.6.2\lib\ext\jmeter-plugins-webdriver-4.10.0.0.jar with filter ExtendsClassFilter [parents=[interface org.apache.jmeter.gui.plugin.MenuCreator], inner=false, contains=null, notContains=null]. Consider exposing JMeter plugins via META-INF/services, and add JMeter-Skip-Class-Scanning=true manifest attribute so JMeter can skip classfile scanning
2023-09-19 11:08:13,059 INFO o.a.j.r.ClassFinder: Will scan jar D:\Program_file\apache-jmeter-5.6.2\apache-jmeter-5.6.2\lib\ext\mqtt-xmeter-2.0.2-jar-with-dependencies.jar with filter ExtendsClassFilter [parents=[interface org.apache.jmeter.gui.plugin.MenuCreator], inner=false, contains=null, notContains=null]. Consider exposing JMeter plugins via META-INF/services, and add JMeter-Skip-Class-Scanning=true manifest attribute so JMeter can skip classfile scanning
2023-09-19 11:08:13,237 INFO o.j.r.JARSourceHTTP: Requesting https://jmeter-plugins.org/repo/?installID=windows_10-6b3d486737da3663cf16fe48875aa726-gui
2023-09-19 11:08:15,583 WARN o.j.r.PluginManagerMenuItem: Failed to load plugin updates info
java.net.ConnectException: Connection refused: no further information
	at sun.nio.ch.Net.pollConnect(Native Method) ~[?:?]
	at sun.nio.ch.Net.pollConnectNow(Net.java:672) ~[?:?]
	at sun.nio.ch.NioSocketImpl.timedFinishConnect(NioSocketImpl.java:549) ~[?:?]
	at sun.nio.ch.NioSocketImpl.connect(NioSocketImpl.java:597) ~[?:?]
	at java.net.SocksSocketImpl.connect(SocksSocketImpl.java:327) ~[?:?]
	at java.net.Socket.connect(Socket.java:633) ~[?:?]
	at org.apache.http.conn.ssl.SSLSocketFactory.connectSocket(SSLSocketFactory.java:543) ~[httpclient-4.5.14.jar:4.5.14]
	at org.apache.http.conn.ssl.SSLSocketFactory.connectSocket(SSLSocketFactory.java:415) ~[httpclient-4.5.14.jar:4.5.14]
	at org.apache.http.impl.conn.DefaultClientConnectionOperator.openConnection(DefaultClientConnectionOperator.java:180) ~[httpclient-4.5.14.jar:4.5.14]
	at org.apache.http.impl.conn.ManagedClientConnectionImpl.open(ManagedClientConnectionImpl.java:326) ~[httpclient-4.5.14.jar:4.5.14]
	at org.apache.http.impl.client.DefaultRequestDirector.tryConnect(DefaultRequestDirector.java:605) ~[httpclient-4.5.14.jar:4.5.14]
	at org.apache.http.impl.client.DefaultRequestDirector.execute(DefaultRequestDirector.java:440) ~[httpclient-4.5.14.jar:4.5.14]
	at org.apache.http.impl.client.AbstractHttpClient.doExecute(AbstractHttpClient.java:835) ~[httpclient-4.5.14.jar:4.5.14]
	at org.apache.http.impl.client.CloseableHttpClient.execute(CloseableHttpClient.java:83) ~[httpclient-4.5.14.jar:4.5.14]
	at org.apache.http.impl.client.CloseableHttpClient.execute(CloseableHttpClient.java:56) ~[httpclient-4.5.14.jar:4.5.14]
	at org.jmeterplugins.repository.JARSourceHTTP.execute(JARSourceHTTP.java:499) ~[jmeter-plugins-manager-1.9.jar:?]
	at org.jmeterplugins.repository.JARSourceHTTP.execute(JARSourceHTTP.java:494) ~[jmeter-plugins-manager-1.9.jar:?]
	at org.jmeterplugins.repository.JARSourceHTTP.getJSON(JARSourceHTTP.java:152) ~[jmeter-plugins-manager-1.9.jar:?]
	at org.jmeterplugins.repository.JARSourceHTTP.getRepositories(JARSourceHTTP.java:276) ~[jmeter-plugins-manager-1.9.jar:?]
	at org.jmeterplugins.repository.JARSourceHTTP.getRepo(JARSourceHTTP.java:304) ~[jmeter-plugins-manager-1.9.jar:?]
	at org.jmeterplugins.repository.PluginManager.load(PluginManager.java:71) ~[jmeter-plugins-manager-1.9.jar:?]
	at org.jmeterplugins.repository.PluginManagerMenuItem$1.run(PluginManagerMenuItem.java:38) [jmeter-plugins-manager-1.9.jar:?]
2023-09-19 11:08:23,412 INFO o.a.j.s.FileServer: Default base='D:\Program_file\apache-jmeter-5.6.2\apache-jmeter-5.6.2\bin'
2023-09-19 11:08:23,415 INFO o.a.j.g.a.Load: Loading file: D:\Program_file\apache-jmeter-5.6.2\apache-jmeter-5.6.2\bin\file jmx\demo_class_jmeter.jmx
2023-09-19 11:08:23,415 INFO o.a.j.s.FileServer: Set new base='D:\Program_file\apache-jmeter-5.6.2\apache-jmeter-5.6.2\bin\file jmx'
2023-09-19 11:08:23,634 INFO o.a.j.s.SaveService: Testplan (JMX) version: 2.2. Testlog (JTL) version: 2.2
2023-09-19 11:08:23,650 INFO o.a.j.s.SaveService: Using SaveService properties version 5.0
2023-09-19 11:08:23,651 INFO o.a.j.s.SaveService: Using SaveService properties file encoding UTF-8
2023-09-19 11:08:23,653 INFO o.a.j.s.SaveService: Loading file: D:\Program_file\apache-jmeter-5.6.2\apache-jmeter-5.6.2\bin\file jmx\demo_class_jmeter.jmx
2023-09-19 11:08:23,756 INFO o.a.j.p.h.c.CookieManager: Settings: Delete null: true Check: true Allow variable: true Save: false Prefix: COOKIE_
2023-09-19 11:08:23,757 INFO o.a.j.p.h.c.CacheManager: Will only cache the following methods: [GET]
2023-09-19 11:08:23,762 INFO o.a.j.p.h.s.HTTPSamplerBase: Parser for text/html is org.apache.jmeter.protocol.http.parser.LagartoBasedHtmlParser
2023-09-19 11:08:23,762 INFO o.a.j.p.h.s.HTTPSamplerBase: Parser for application/xhtml+xml is org.apache.jmeter.protocol.http.parser.LagartoBasedHtmlParser
2023-09-19 11:08:23,762 INFO o.a.j.p.h.s.HTTPSamplerBase: Parser for application/xml is org.apache.jmeter.protocol.http.parser.LagartoBasedHtmlParser
2023-09-19 11:08:23,763 INFO o.a.j.p.h.s.HTTPSamplerBase: Parser for text/xml is org.apache.jmeter.protocol.http.parser.LagartoBasedHtmlParser
2023-09-19 11:08:23,763 INFO o.a.j.p.h.s.HTTPSamplerBase: Parser for text/vnd.wap.wml is org.apache.jmeter.protocol.http.parser.RegexpHTMLParser
2023-09-19 11:08:23,763 INFO o.a.j.p.h.s.HTTPSamplerBase: Parser for text/css is org.apache.jmeter.protocol.http.parser.CssParser
2023-09-19 11:08:24,174 INFO o.a.j.s.SampleResult: Note: Sample TimeStamps are START times
2023-09-19 11:08:24,175 INFO o.a.j.s.SampleResult: sampleresult.default.encoding is set to UTF-8
2023-09-19 11:08:24,175 INFO o.a.j.s.SampleResult: sampleresult.useNanoTime=true
2023-09-19 11:08:24,175 INFO o.a.j.s.SampleResult: sampleresult.nanoThreadSleep=5000
2023-09-19 11:08:24,193 INFO o.a.j.r.ClassFinder: Will scan jar D:\Program_file\apache-jmeter-5.6.2\apache-jmeter-5.6.2\lib\ext\jmeter-plugins-manager-1.9.jar with filter ExtendsClassFilter [parents=[interface org.apache.jmeter.visualizers.ResultRenderer], inner=false, contains=null, notContains=null]. Consider exposing JMeter plugins via META-INF/services, and add JMeter-Skip-Class-Scanning=true manifest attribute so JMeter can skip classfile scanning
2023-09-19 11:08:24,196 INFO o.a.j.r.ClassFinder: Will scan jar D:\Program_file\apache-jmeter-5.6.2\apache-jmeter-5.6.2\lib\ext\jmeter-plugins-webdriver-4.10.0.0.jar with filter ExtendsClassFilter [parents=[interface org.apache.jmeter.visualizers.ResultRenderer], inner=false, contains=null, notContains=null]. Consider exposing JMeter plugins via META-INF/services, and add JMeter-Skip-Class-Scanning=true manifest attribute so JMeter can skip classfile scanning
2023-09-19 11:08:24,196 INFO o.a.j.r.ClassFinder: Will scan jar D:\Program_file\apache-jmeter-5.6.2\apache-jmeter-5.6.2\lib\ext\mqtt-xmeter-2.0.2-jar-with-dependencies.jar with filter ExtendsClassFilter [parents=[interface org.apache.jmeter.visualizers.ResultRenderer], inner=false, contains=null, notContains=null]. Consider exposing JMeter plugins via META-INF/services, and add JMeter-Skip-Class-Scanning=true manifest attribute so JMeter can skip classfile scanning
2023-09-19 11:08:24,222 INFO o.a.j.r.ClassFinder: Will scan jar D:\Program_file\apache-jmeter-5.6.2\apache-jmeter-5.6.2\lib\ext\jmeter-plugins-manager-1.9.jar with filter ExtendsClassFilter [parents=[interface org.apache.jmeter.visualizers.RequestView], inner=false, contains=null, notContains=null]. Consider exposing JMeter plugins via META-INF/services, and add JMeter-Skip-Class-Scanning=true manifest attribute so JMeter can skip classfile scanning
2023-09-19 11:08:24,226 INFO o.a.j.r.ClassFinder: Will scan jar D:\Program_file\apache-jmeter-5.6.2\apache-jmeter-5.6.2\lib\ext\jmeter-plugins-webdriver-4.10.0.0.jar with filter ExtendsClassFilter [parents=[interface org.apache.jmeter.visualizers.RequestView], inner=false, contains=null, notContains=null]. Consider exposing JMeter plugins via META-INF/services, and add JMeter-Skip-Class-Scanning=true manifest attribute so JMeter can skip classfile scanning
2023-09-19 11:08:24,226 INFO o.a.j.r.ClassFinder: Will scan jar D:\Program_file\apache-jmeter-5.6.2\apache-jmeter-5.6.2\lib\ext\mqtt-xmeter-2.0.2-jar-with-dependencies.jar with filter ExtendsClassFilter [parents=[interface org.apache.jmeter.visualizers.RequestView], inner=false, contains=null, notContains=null]. Consider exposing JMeter plugins via META-INF/services, and add JMeter-Skip-Class-Scanning=true manifest attribute so JMeter can skip classfile scanning
2023-09-19 11:08:24,358 INFO o.a.j.r.ClassFinder: Will scan jar D:\Program_file\apache-jmeter-5.6.2\apache-jmeter-5.6.2\lib\ext\jmeter-plugins-manager-1.9.jar with filter ExtendsClassFilter [parents=[interface org.apache.jmeter.visualizers.ResultRenderer], inner=false, contains=null, notContains=null]. Consider exposing JMeter plugins via META-INF/services, and add JMeter-Skip-Class-Scanning=true manifest attribute so JMeter can skip classfile scanning
2023-09-19 11:08:24,360 INFO o.a.j.r.ClassFinder: Will scan jar D:\Program_file\apache-jmeter-5.6.2\apache-jmeter-5.6.2\lib\ext\jmeter-plugins-webdriver-4.10.0.0.jar with filter ExtendsClassFilter [parents=[interface org.apache.jmeter.visualizers.ResultRenderer], inner=false, contains=null, notContains=null]. Consider exposing JMeter plugins via META-INF/services, and add JMeter-Skip-Class-Scanning=true manifest attribute so JMeter can skip classfile scanning
2023-09-19 11:08:24,361 INFO o.a.j.r.ClassFinder: Will scan jar D:\Program_file\apache-jmeter-5.6.2\apache-jmeter-5.6.2\lib\ext\mqtt-xmeter-2.0.2-jar-with-dependencies.jar with filter ExtendsClassFilter [parents=[interface org.apache.jmeter.visualizers.ResultRenderer], inner=false, contains=null, notContains=null]. Consider exposing JMeter plugins via META-INF/services, and add JMeter-Skip-Class-Scanning=true manifest attribute so JMeter can skip classfile scanning
2023-09-19 11:08:24,381 INFO o.a.j.r.ClassFinder: Will scan jar D:\Program_file\apache-jmeter-5.6.2\apache-jmeter-5.6.2\lib\ext\jmeter-plugins-manager-1.9.jar with filter ExtendsClassFilter [parents=[interface org.apache.jmeter.visualizers.RequestView], inner=false, contains=null, notContains=null]. Consider exposing JMeter plugins via META-INF/services, and add JMeter-Skip-Class-Scanning=true manifest attribute so JMeter can skip classfile scanning
2023-09-19 11:08:24,384 INFO o.a.j.r.ClassFinder: Will scan jar D:\Program_file\apache-jmeter-5.6.2\apache-jmeter-5.6.2\lib\ext\jmeter-plugins-webdriver-4.10.0.0.jar with filter ExtendsClassFilter [parents=[interface org.apache.jmeter.visualizers.RequestView], inner=false, contains=null, notContains=null]. Consider exposing JMeter plugins via META-INF/services, and add JMeter-Skip-Class-Scanning=true manifest attribute so JMeter can skip classfile scanning
2023-09-19 11:08:24,384 INFO o.a.j.r.ClassFinder: Will scan jar D:\Program_file\apache-jmeter-5.6.2\apache-jmeter-5.6.2\lib\ext\mqtt-xmeter-2.0.2-jar-with-dependencies.jar with filter ExtendsClassFilter [parents=[interface org.apache.jmeter.visualizers.RequestView], inner=false, contains=null, notContains=null]. Consider exposing JMeter plugins via META-INF/services, and add JMeter-Skip-Class-Scanning=true manifest attribute so JMeter can skip classfile scanning
2023-09-19 11:08:24,450 INFO o.a.j.r.ClassFinder: Will scan jar D:\Program_file\apache-jmeter-5.6.2\apache-jmeter-5.6.2\lib\ext\jmeter-plugins-manager-1.9.jar with filter ExtendsClassFilter [parents=[interface org.apache.jmeter.visualizers.ResultRenderer], inner=false, contains=null, notContains=null]. Consider exposing JMeter plugins via META-INF/services, and add JMeter-Skip-Class-Scanning=true manifest attribute so JMeter can skip classfile scanning
2023-09-19 11:08:24,453 INFO o.a.j.r.ClassFinder: Will scan jar D:\Program_file\apache-jmeter-5.6.2\apache-jmeter-5.6.2\lib\ext\jmeter-plugins-webdriver-4.10.0.0.jar with filter ExtendsClassFilter [parents=[interface org.apache.jmeter.visualizers.ResultRenderer], inner=false, contains=null, notContains=null]. Consider exposing JMeter plugins via META-INF/services, and add JMeter-Skip-Class-Scanning=true manifest attribute so JMeter can skip classfile scanning
2023-09-19 11:08:24,454 INFO o.a.j.r.ClassFinder: Will scan jar D:\Program_file\apache-jmeter-5.6.2\apache-jmeter-5.6.2\lib\ext\mqtt-xmeter-2.0.2-jar-with-dependencies.jar with filter ExtendsClassFilter [parents=[interface org.apache.jmeter.visualizers.ResultRenderer], inner=false, contains=null, notContains=null]. Consider exposing JMeter plugins via META-INF/services, and add JMeter-Skip-Class-Scanning=true manifest attribute so JMeter can skip classfile scanning
2023-09-19 11:08:24,475 INFO o.a.j.r.ClassFinder: Will scan jar D:\Program_file\apache-jmeter-5.6.2\apache-jmeter-5.6.2\lib\ext\jmeter-plugins-manager-1.9.jar with filter ExtendsClassFilter [parents=[interface org.apache.jmeter.visualizers.RequestView], inner=false, contains=null, notContains=null]. Consider exposing JMeter plugins via META-INF/services, and add JMeter-Skip-Class-Scanning=true manifest attribute so JMeter can skip classfile scanning
2023-09-19 11:08:24,478 INFO o.a.j.r.ClassFinder: Will scan jar D:\Program_file\apache-jmeter-5.6.2\apache-jmeter-5.6.2\lib\ext\jmeter-plugins-webdriver-4.10.0.0.jar with filter ExtendsClassFilter [parents=[interface org.apache.jmeter.visualizers.RequestView], inner=false, contains=null, notContains=null]. Consider exposing JMeter plugins via META-INF/services, and add JMeter-Skip-Class-Scanning=true manifest attribute so JMeter can skip classfile scanning
2023-09-19 11:08:24,478 INFO o.a.j.r.ClassFinder: Will scan jar D:\Program_file\apache-jmeter-5.6.2\apache-jmeter-5.6.2\lib\ext\mqtt-xmeter-2.0.2-jar-with-dependencies.jar with filter ExtendsClassFilter [parents=[interface org.apache.jmeter.visualizers.RequestView], inner=false, contains=null, notContains=null]. Consider exposing JMeter plugins via META-INF/services, and add JMeter-Skip-Class-Scanning=true manifest attribute so JMeter can skip classfile scanning
2023-09-19 11:08:24,570 INFO o.a.j.r.ClassFinder: Will scan jar D:\Program_file\apache-jmeter-5.6.2\apache-jmeter-5.6.2\lib\ext\jmeter-plugins-manager-1.9.jar with filter ExtendsClassFilter [parents=[interface org.apache.jmeter.visualizers.ResultRenderer], inner=false, contains=null, notContains=null]. Consider exposing JMeter plugins via META-INF/services, and add JMeter-Skip-Class-Scanning=true manifest attribute so JMeter can skip classfile scanning
2023-09-19 11:08:24,573 INFO o.a.j.r.ClassFinder: Will scan jar D:\Program_file\apache-jmeter-5.6.2\apache-jmeter-5.6.2\lib\ext\jmeter-plugins-webdriver-4.10.0.0.jar with filter ExtendsClassFilter [parents=[interface org.apache.jmeter.visualizers.ResultRenderer], inner=false, contains=null, notContains=null]. Consider exposing JMeter plugins via META-INF/services, and add JMeter-Skip-Class-Scanning=true manifest attribute so JMeter can skip classfile scanning
2023-09-19 11:08:24,573 INFO o.a.j.r.ClassFinder: Will scan jar D:\Program_file\apache-jmeter-5.6.2\apache-jmeter-5.6.2\lib\ext\mqtt-xmeter-2.0.2-jar-with-dependencies.jar with filter ExtendsClassFilter [parents=[interface org.apache.jmeter.visualizers.ResultRenderer], inner=false, contains=null, notContains=null]. Consider exposing JMeter plugins via META-INF/services, and add JMeter-Skip-Class-Scanning=true manifest attribute so JMeter can skip classfile scanning
2023-09-19 11:08:24,595 INFO o.a.j.r.ClassFinder: Will scan jar D:\Program_file\apache-jmeter-5.6.2\apache-jmeter-5.6.2\lib\ext\jmeter-plugins-manager-1.9.jar with filter ExtendsClassFilter [parents=[interface org.apache.jmeter.visualizers.RequestView], inner=false, contains=null, notContains=null]. Consider exposing JMeter plugins via META-INF/services, and add JMeter-Skip-Class-Scanning=true manifest attribute so JMeter can skip classfile scanning
2023-09-19 11:08:24,598 INFO o.a.j.r.ClassFinder: Will scan jar D:\Program_file\apache-jmeter-5.6.2\apache-jmeter-5.6.2\lib\ext\jmeter-plugins-webdriver-4.10.0.0.jar with filter ExtendsClassFilter [parents=[interface org.apache.jmeter.visualizers.RequestView], inner=false, contains=null, notContains=null]. Consider exposing JMeter plugins via META-INF/services, and add JMeter-Skip-Class-Scanning=true manifest attribute so JMeter can skip classfile scanning
2023-09-19 11:08:24,598 INFO o.a.j.r.ClassFinder: Will scan jar D:\Program_file\apache-jmeter-5.6.2\apache-jmeter-5.6.2\lib\ext\mqtt-xmeter-2.0.2-jar-with-dependencies.jar with filter ExtendsClassFilter [parents=[interface org.apache.jmeter.visualizers.RequestView], inner=false, contains=null, notContains=null]. Consider exposing JMeter plugins via META-INF/services, and add JMeter-Skip-Class-Scanning=true manifest attribute so JMeter can skip classfile scanning
2023-09-19 11:08:24,656 INFO o.a.j.s.FileServer: Set new base='D:\Program_file\apache-jmeter-5.6.2\apache-jmeter-5.6.2\bin\file jmx'
2023-09-19 11:08:46,273 INFO o.a.j.e.StandardJMeterEngine: Running the test!
2023-09-19 11:08:46,273 INFO o.a.j.s.SampleEvent: List of sample_variables: []
2023-09-19 11:08:46,273 INFO o.a.j.s.SampleEvent: List of sample_variables: []
2023-09-19 11:08:46,274 INFO o.a.j.e.u.CompoundVariable: Note: Function class names must contain the string: '.functions.'
2023-09-19 11:08:46,274 INFO o.a.j.e.u.CompoundVariable: Note: Function class names must not contain the string: '.gui.'
2023-09-19 11:08:46,299 INFO o.a.j.r.ClassFinder: Will scan jar D:\Program_file\apache-jmeter-5.6.2\apache-jmeter-5.6.2\lib\ext\jmeter-plugins-manager-1.9.jar with filter ExtendsClassFilter [parents=[interface org.apache.jmeter.functions.Function], inner=false, contains=null, notContains=null]. Consider exposing JMeter plugins via META-INF/services, and add JMeter-Skip-Class-Scanning=true manifest attribute so JMeter can skip classfile scanning
2023-09-19 11:08:46,302 INFO o.a.j.r.ClassFinder: Will scan jar D:\Program_file\apache-jmeter-5.6.2\apache-jmeter-5.6.2\lib\ext\jmeter-plugins-webdriver-4.10.0.0.jar with filter ExtendsClassFilter [parents=[interface org.apache.jmeter.functions.Function], inner=false, contains=null, notContains=null]. Consider exposing JMeter plugins via META-INF/services, and add JMeter-Skip-Class-Scanning=true manifest attribute so JMeter can skip classfile scanning
2023-09-19 11:08:46,302 INFO o.a.j.r.ClassFinder: Will scan jar D:\Program_file\apache-jmeter-5.6.2\apache-jmeter-5.6.2\lib\ext\mqtt-xmeter-2.0.2-jar-with-dependencies.jar with filter ExtendsClassFilter [parents=[interface org.apache.jmeter.functions.Function], inner=false, contains=null, notContains=null]. Consider exposing JMeter plugins via META-INF/services, and add JMeter-Skip-Class-Scanning=true manifest attribute so JMeter can skip classfile scanning
2023-09-19 11:08:46,316 INFO o.a.j.g.u.JMeterMenuBar: setRunning(true, *local*)
2023-09-19 11:08:46,362 INFO o.a.j.e.StandardJMeterEngine: Starting ThreadGroup: 1 : UpdateBooking
2023-09-19 11:08:46,362 INFO o.a.j.e.StandardJMeterEngine: Starting 1 threads for group UpdateBooking.
2023-09-19 11:08:46,362 INFO o.a.j.e.StandardJMeterEngine: Thread will continue on error
2023-09-19 11:08:46,363 INFO o.a.j.t.ThreadGroup: Starting thread group... number=1 threads=1 ramp-up=1 delayedStart=false
2023-09-19 11:08:46,368 INFO o.a.j.t.ThreadGroup: Started thread group number 1
2023-09-19 11:08:46,368 INFO o.a.j.e.StandardJMeterEngine: All thread groups have been started
2023-09-19 11:08:46,369 INFO o.a.j.t.JMeterThread: Thread started: UpdateBooking 1-1
2023-09-19 11:08:46,371 INFO o.a.j.s.FileServer: Stored: D:/Program_file/apache-jmeter-5.6.2/apache-jmeter-5.6.2/bin/data/databooking.csv
2023-09-19 11:08:46,389 INFO o.a.j.p.h.s.HTTPHCAbstractImpl: Local host = Vietnam-4116
2023-09-19 11:08:46,392 INFO o.a.j.p.h.s.HTTPHC4Impl: HTTP request retry count = 0
2023-09-19 11:08:46,451 INFO o.a.j.p.h.s.h.LazyLayeredConnectionSocketFactory: Setting up HTTPS TrustAll Socket Factory
2023-09-19 11:08:46,453 INFO o.a.j.u.JsseSSLManager: Using default SSL protocol: TLS
2023-09-19 11:08:46,453 INFO o.a.j.u.JsseSSLManager: SSL session context: per-thread
2023-09-19 11:08:46,720 INFO o.a.j.u.SSLManager: JmeterKeyStore Location:  type JKS
2023-09-19 11:08:46,721 INFO o.a.j.u.SSLManager: KeyStore created OK
2023-09-19 11:08:46,721 WARN o.a.j.u.SSLManager: Keystore file not found, loading empty keystore
2023-09-19 11:08:49,042 INFO o.a.j.t.JMeterThread: Thread is done: UpdateBooking 1-1
2023-09-19 11:08:49,042 INFO o.a.j.t.JMeterThread: Thread finished: UpdateBooking 1-1
2023-09-19 11:08:49,047 INFO o.a.j.e.StandardJMeterEngine: Notifying test listeners of end of test
2023-09-19 11:08:49,048 INFO o.a.j.s.FileServer: Close: D:/Program_file/apache-jmeter-5.6.2/apache-jmeter-5.6.2/bin/data/databooking.csv
2023-09-19 11:08:49,049 INFO o.a.j.g.u.JMeterMenuBar: setRunning(false, *local*)
2023-09-19 11:09:22,052 INFO o.a.j.e.StandardJMeterEngine: Running the test!
2023-09-19 11:09:22,053 INFO o.a.j.s.SampleEvent: List of sample_variables: []
2023-09-19 11:09:22,054 INFO o.a.j.g.u.JMeterMenuBar: setRunning(true, *local*)
2023-09-19 11:09:22,091 INFO o.a.j.e.StandardJMeterEngine: Starting ThreadGroup: 1 : UpdateBooking
2023-09-19 11:09:22,091 INFO o.a.j.e.StandardJMeterEngine: Starting 1 threads for group UpdateBooking.
2023-09-19 11:09:22,091 INFO o.a.j.e.StandardJMeterEngine: Thread will continue on error
2023-09-19 11:09:22,091 INFO o.a.j.t.ThreadGroup: Starting thread group... number=1 threads=1 ramp-up=1 delayedStart=false
2023-09-19 11:09:22,095 INFO o.a.j.t.ThreadGroup: Started thread group number 1
2023-09-19 11:09:22,096 INFO o.a.j.e.StandardJMeterEngine: All thread groups have been started
2023-09-19 11:09:22,096 INFO o.a.j.t.JMeterThread: Thread started: UpdateBooking 1-1
2023-09-19 11:09:22,096 INFO o.a.j.s.FileServer: Stored: D:/Program_file/apache-jmeter-5.6.2/apache-jmeter-5.6.2/bin/data/databooking.csv
2023-09-19 11:09:26,373 INFO o.a.j.t.JMeterThread: Thread is done: UpdateBooking 1-1
2023-09-19 11:09:26,373 INFO o.a.j.t.JMeterThread: Thread finished: UpdateBooking 1-1
2023-09-19 11:09:26,373 INFO o.a.j.e.StandardJMeterEngine: Notifying test listeners of end of test
2023-09-19 11:09:26,373 INFO o.a.j.s.FileServer: Close: D:/Program_file/apache-jmeter-5.6.2/apache-jmeter-5.6.2/bin/data/databooking.csv
2023-09-19 11:09:26,374 INFO o.a.j.g.u.JMeterMenuBar: setRunning(false, *local*)
2023-09-19 11:09:48,625 INFO o.a.j.e.StandardJMeterEngine: Running the test!
2023-09-19 11:09:48,625 INFO o.a.j.s.SampleEvent: List of sample_variables: []
2023-09-19 11:09:48,626 INFO o.a.j.g.u.JMeterMenuBar: setRunning(true, *local*)
2023-09-19 11:09:48,657 INFO o.a.j.e.StandardJMeterEngine: Starting ThreadGroup: 1 : UpdateBooking
2023-09-19 11:09:48,657 INFO o.a.j.e.StandardJMeterEngine: Starting 1 threads for group UpdateBooking.
2023-09-19 11:09:48,657 INFO o.a.j.e.StandardJMeterEngine: Thread will continue on error
2023-09-19 11:09:48,657 INFO o.a.j.t.ThreadGroup: Starting thread group... number=1 threads=1 ramp-up=1 delayedStart=false
2023-09-19 11:09:48,660 INFO o.a.j.t.ThreadGroup: Started thread group number 1
2023-09-19 11:09:48,661 INFO o.a.j.e.StandardJMeterEngine: All thread groups have been started
2023-09-19 11:09:48,661 INFO o.a.j.t.JMeterThread: Thread started: UpdateBooking 1-1
2023-09-19 11:09:48,661 INFO o.a.j.s.FileServer: Stored: D:/Program_file/apache-jmeter-5.6.2/apache-jmeter-5.6.2/bin/data/databooking.csv
2023-09-19 11:09:53,013 INFO o.a.j.t.JMeterThread: Thread is done: UpdateBooking 1-1
2023-09-19 11:09:53,013 INFO o.a.j.t.JMeterThread: Thread finished: UpdateBooking 1-1
2023-09-19 11:09:53,014 INFO o.a.j.e.StandardJMeterEngine: Notifying test listeners of end of test
2023-09-19 11:09:53,014 INFO o.a.j.s.FileServer: Close: D:/Program_file/apache-jmeter-5.6.2/apache-jmeter-5.6.2/bin/data/databooking.csv
2023-09-19 11:09:53,014 INFO o.a.j.g.u.JMeterMenuBar: setRunning(false, *local*)
